..\Dll\DSR.pdb
C:\Users\Upal\Desktop\Projects_9.1_32 bits\LEACH\Dll\DSR.exp
C:\Users\Upal\Desktop\Projects_9.1_32 bits\LEACH\Dll\DSR.lib
C:\USERS\UPAL\DESKTOP\PROJECTS_9.1_32 BITS\LEACH\DLL\DSR.PDB
C:\USERS\UPAL\DESKTOP\PROJECTS_9.1_32 BITS\LEACH\DLL\LIBDSR.DLL
C:\USERS\UPAL\DESKTOP\PROJECTS_9.1_32 BITS\LEACH\DSR\DEBUG\CHECKROUTEFOUND.OBJ
C:\Users\Upal\Desktop\Projects_9.1_32 bits\LEACH\DSR\Debug\cl.command.1.tlog
C:\Users\Upal\Desktop\Projects_9.1_32 bits\LEACH\DSR\Debug\CL.read.1.tlog
C:\Users\Upal\Desktop\Projects_9.1_32 bits\LEACH\DSR\Debug\CL.write.1.tlog
C:\USERS\UPAL\DESKTOP\PROJECTS_9.1_32 BITS\LEACH\DSR\DEBUG\DSR.DLL.INTERMEDIATE.MANIFEST
C:\USERS\UPAL\DESKTOP\PROJECTS_9.1_32 BITS\LEACH\DSR\DEBUG\DSR.OBJ
C:\Users\Upal\Desktop\Projects_9.1_32 bits\LEACH\DSR\Debug\DSR.write.1.tlog
C:\USERS\UPAL\DESKTOP\PROJECTS_9.1_32 BITS\LEACH\DSR\DEBUG\LEACH.OBJ
C:\Users\Upal\Desktop\Projects_9.1_32 bits\LEACH\DSR\Debug\link.4340.read.1.tlog
C:\Users\Upal\Desktop\Projects_9.1_32 bits\LEACH\DSR\Debug\link.4340.write.1.tlog
C:\Users\Upal\Desktop\Projects_9.1_32 bits\LEACH\DSR\Debug\link.command.1.tlog
C:\Users\Upal\Desktop\Projects_9.1_32 bits\LEACH\DSR\Debug\link.read.1.tlog
C:\Users\Upal\Desktop\Projects_9.1_32 bits\LEACH\DSR\Debug\link.write.1.tlog
C:\USERS\UPAL\DESKTOP\PROJECTS_9.1_32 BITS\LEACH\DSR\DEBUG\MAINTBUFFER.OBJ
C:\Users\Upal\Desktop\Projects_9.1_32 bits\LEACH\DSR\Debug\mt.command.1.tlog
C:\Users\Upal\Desktop\Projects_9.1_32 bits\LEACH\DSR\Debug\mt.read.1.tlog
C:\Users\Upal\Desktop\Projects_9.1_32 bits\LEACH\DSR\Debug\mt.write.1.tlog
C:\USERS\UPAL\DESKTOP\PROJECTS_9.1_32 BITS\LEACH\DSR\DEBUG\NETWORK_LAYER_ACK.OBJ
C:\USERS\UPAL\DESKTOP\PROJECTS_9.1_32 BITS\LEACH\DSR\DEBUG\PACKETPROCESSING.OBJ
C:\USERS\UPAL\DESKTOP\PROJECTS_9.1_32 BITS\LEACH\DSR\DEBUG\ROUTECACHE.OBJ
C:\USERS\UPAL\DESKTOP\PROJECTS_9.1_32 BITS\LEACH\DSR\DEBUG\ROUTEERROR.OBJ
C:\USERS\UPAL\DESKTOP\PROJECTS_9.1_32 BITS\LEACH\DSR\DEBUG\ROUTEREPLY.OBJ
C:\USERS\UPAL\DESKTOP\PROJECTS_9.1_32 BITS\LEACH\DSR\DEBUG\ROUTEREQUEST.OBJ
C:\USERS\UPAL\DESKTOP\PROJECTS_9.1_32 BITS\LEACH\DSR\DEBUG\SENDBUFFER.OBJ
C:\USERS\UPAL\DESKTOP\PROJECTS_9.1_32 BITS\LEACH\DSR\DEBUG\SOURCEROUTE.OBJ
C:\Users\Upal\Desktop\Projects_9.1_32 bits\LEACH\DSR\Debug\vc100.idb
C:\USERS\UPAL\DESKTOP\PROJECTS_9.1_32 BITS\LEACH\DSR\DEBUG\VC100.PDB
